DiagnosticsPluginLauncher.exe Information: 0 : [9/22/2017 4:19:29 AM] At least one other instance of the launcher is running. Will wait until they all finish
DiagnosticsPluginLauncher.exe Information: 0 : [9/22/2017 4:19:29 AM] Service running in Emulator Mode, will not wait/kill other instances of the launcher
DiagnosticsPluginLauncher.exe Information: 0 : [9/22/2017 4:19:29 AM] Emulator config file set to C:\Users\cawa\Downloads\ContosoUniversity\ContosoAdsCloudService\csx\Debug\roles\ContosoAdsWorker\approot\diagnostics.wadcfgx
DiagnosticsPluginLauncher.exe Information: 0 : [9/22/2017 4:19:29 AM] DiagnosticsStoreRootPath set to: C:\Users\cawa\AppData\Local\dftmp\Resources\464fd644-8498-4449-8fc4-81c2f6667e42
DiagnosticsPluginLauncher.exe Information: 0 : [9/22/2017 4:19:29 AM] Loading config file: C:\Users\cawa\Downloads\ContosoUniversity\ContosoAdsCloudService\csx\Debug\roles\ContosoAdsWorker\approot\diagnostics.wadcfgx
DiagnosticsPluginLauncher.exe Information: 0 : [9/22/2017 4:19:29 AM] Config file to read: C:\Users\cawa\Downloads\ContosoUniversity\ContosoAdsCloudService\csx\Debug\roles\ContosoAdsWorker\approot\diagnostics.wadcfgx
DiagnosticsPluginLauncher.exe Information: 0 : [9/22/2017 4:19:29 AM] Checking VM Type
DiagnosticsPluginLauncher.exe Information: 0 : [9/22/2017 4:19:29 AM] Emulator config file set to C:\Users\cawa\Downloads\ContosoUniversity\ContosoAdsCloudService\csx\Debug\roles\ContosoAdsWorker\approot\diagnostics.wadcfgx
DiagnosticsPluginLauncher.exe Information: 0 : [9/22/2017 4:19:29 AM] Extension set to Emulator Mode
DiagnosticsPluginLauncher.exe Information: 0 : [9/22/2017 4:19:29 AM] Reading XML configuration file
DiagnosticsPluginLauncher.exe Information: 0 : [9/22/2017 4:19:29 AM] Bypassing private config decryption
DiagnosticsPluginLauncher.exe Information: 0 : [9/22/2017 4:19:29 AM] Stopping the running plugin, if any
DiagnosticsPluginLauncher.exe Information: 0 : [9/22/2017 4:19:29 AM] Found a MonAgentHost.exe. WadArguments: "C:\Users\cawa\Downloads\ContosoUniversity\ContosoAdsCloudService\csx\Debug\roles\ContosoAdsWeb\plugins\Diagnostics\Monitor\x64\MonAgentHost.exe" -LocalPath "C:\Users\cawa\AppData\Local\dftmp\Resources\c7023bab-c787-4795-9c99-ddfbc2b5a8fb\WAD0105"  -ConfigFile "C:\Users\cawa\AppData\Local\dftmp\Resources\c7023bab-c787-4795-9c99-ddfbc2b5a8fb\WAD0105\Configuration\MaConfig.xml" -ShutDownEvent WADDM-ShutDown-da453dad431548288d812b2608aa96e9  -TotalShutDownEvent WADDM-TotalShutDown-da453dad431548288d812b2608aa96e9 -InitializedEvent WADM-StartUp-da453dad431548288d812b2608aa96e9 -parent 35228 -events -wadVer1v5 -UseProxyServer -XStoreAccounts WadAccount#true#devstoreaccount1#Eby8vdM02xNOcqFlqUwJPLlmEtlCDXJ1OUzFT50uSRZ6IFsuFq2UVErCz4I6tq/K1SZFPTOtr/KBHBeksoGMGw==#http://127.0.0.1:10002#http://127.0.0.1:10001#http://127.0.0.1:10000.
DiagnosticsPluginLauncher.exe Information: 0 : [9/22/2017 4:19:29 AM] Found a DiagnosticsPlugin.exe. WadArguments: "C:\Users\cawa\Downloads\ContosoUniversity\ContosoAdsCloudService\csx\Debug\roles\ContosoAdsWeb\plugins\Diagnostics\DiagnosticsPlugin.exe" DiagnosticPlugin-ShutdownEvent DiagnosticPlugin-TotalShutdownEvent -wadVer1v5.
DiagnosticsPluginLauncher.exe Information: 0 : [9/22/2017 4:19:29 AM] Loading config file: C:\Users\cawa\Downloads\ContosoUniversity\ContosoAdsCloudService\csx\Debug\roles\ContosoAdsWorker\approot\diagnostics.wadcfgx
DiagnosticsPluginLauncher.exe Information: 0 : [9/22/2017 4:19:29 AM] Config file to read: C:\Users\cawa\Downloads\ContosoUniversity\ContosoAdsCloudService\csx\Debug\roles\ContosoAdsWorker\approot\diagnostics.wadcfgx
DiagnosticsPluginLauncher.exe Information: 0 : [9/22/2017 4:19:29 AM] Reading XML configuration file
DiagnosticsPluginLauncher.exe Information: 0 : [9/22/2017 4:19:29 AM] Bypassing private config decryption
DiagnosticsPluginLauncher.exe Information: 0 : [9/22/2017 4:19:29 AM] Found a running wad2 MA not sharing the same local directory
DiagnosticsPluginLauncher.exe Information: 0 : [9/22/2017 4:19:29 AM] Killing any DiagnosticsPlugin that might remain.
DiagnosticsPluginLauncher.exe Information: 0 : [9/22/2017 4:19:30 AM] Found a DiagnosticsPlugin.exe. WadArguments: "C:\Users\cawa\Downloads\ContosoUniversity\ContosoAdsCloudService\csx\Debug\roles\ContosoAdsWeb\plugins\Diagnostics\DiagnosticsPlugin.exe" DiagnosticPlugin-ShutdownEvent DiagnosticPlugin-TotalShutdownEvent -wadVer1v5.
